<?xml version="1.0" encoding="UTF-8"?>
<!-- Generated by org.testng.reporters.JUnitReportReporter -->
<testsuite hostname="IN1-1024589LT" name="com.jda.adv.PatymSearch" tests="1" failures="0" timestamp="5 Dec 2018 10:27:23 GMT" time="8.383" errors="0">
  <testcase name="patymSearch" time="8.383" classname="com.jda.adv.PatymSearch"/>
</testsuite> <!-- com.jda.adv.PatymSearch -->
